[02-Jul-2024 13:47:42 UTC] PHP Warning:  Undefined array key "editor_post_id" in /Users/marinemignot/Local Sites/laviedesplantes/app/public/wp-content/plugins/elementor/includes/managers/widgets.php on line 378
[18-Jul-2024 13:22:24 UTC] Erreur d’événement de replanification de tâche pour le crochet action_scheduler_run_queue. Code d’erreur : could_not_set. Message d’erreur : La liste des évènements planifiés n’a pas pu être sauvegardée.. Données : {"schedule":"every_minute","args":["WP Cron"],"interval":60}
[18-Jul-2024 15:05:38 UTC] Erreur d’événement de replanification de tâche pour le crochet action_scheduler_run_queue. Code d’erreur : could_not_set. Message d’erreur : La liste des évènements planifiés n’a pas pu être sauvegardée.. Données : {"schedule":"every_minute","args":["WP Cron"],"interval":60}
[22-Jul-2024 16:21:33 UTC] PHP Warning:  include(/Users/marinemignot/Local Sites/laviedesplantes/app/public/wp-content/languages/plugins/shopengine-fr_FR.l10n.php): Failed to open stream: No such file or directory in /Users/marinemignot/Local Sites/laviedesplantes/app/public/wp-includes/l10n.php on line 1601
[22-Jul-2024 16:21:33 UTC] PHP Warning:  include(): Failed opening '/Users/marinemignot/Local Sites/laviedesplantes/app/public/wp-content/languages/plugins/shopengine-fr_FR.l10n.php' for inclusion (include_path='.:/usr/share/php:/www/wp-content/pear') in /Users/marinemignot/Local Sites/laviedesplantes/app/public/wp-includes/l10n.php on line 1601
[22-Jul-2024 16:21:34 UTC] PHP Warning:  include(/Users/marinemignot/Local Sites/laviedesplantes/app/public/wp-content/languages/plugins/shopengine-fr_FR.l10n.php): Failed to open stream: No such file or directory in /Users/marinemignot/Local Sites/laviedesplantes/app/public/wp-includes/l10n.php on line 1601
[22-Jul-2024 16:21:34 UTC] PHP Warning:  include(): Failed opening '/Users/marinemignot/Local Sites/laviedesplantes/app/public/wp-content/languages/plugins/shopengine-fr_FR.l10n.php' for inclusion (include_path='.:/usr/share/php:/www/wp-content/pear') in /Users/marinemignot/Local Sites/laviedesplantes/app/public/wp-includes/l10n.php on line 1601
[22-Jul-2024 16:21:34 UTC] PHP Warning:  include(/Users/marinemignot/Local Sites/laviedesplantes/app/public/wp-content/languages/plugins/shopengine-fr_FR.l10n.php): Failed to open stream: No such file or directory in /Users/marinemignot/Local Sites/laviedesplantes/app/public/wp-includes/l10n.php on line 1601
[22-Jul-2024 16:21:34 UTC] PHP Warning:  include(): Failed opening '/Users/marinemignot/Local Sites/laviedesplantes/app/public/wp-content/languages/plugins/shopengine-fr_FR.l10n.php' for inclusion (include_path='.:/usr/share/php:/www/wp-content/pear') in /Users/marinemignot/Local Sites/laviedesplantes/app/public/wp-includes/l10n.php on line 1601
[24-Jul-2024 15:25:42 UTC] PHP Warning:  Attempt to read property "post_content" on null in /Users/marinemignot/Local Sites/laviedesplantes/app/public/wp-content/plugins/woocommerce/includes/customizer/class-wc-shop-customizer.php on line 950
[24-Jul-2024 15:25:42 UTC] PHP Warning:  Attempt to read property "post_content" on null in /Users/marinemignot/Local Sites/laviedesplantes/app/public/wp-content/plugins/woocommerce/includes/customizer/class-wc-shop-customizer.php on line 950
[24-Jul-2024 15:38:31 UTC] PHP Warning:  Attempt to read property "post_content" on null in /Users/marinemignot/Local Sites/laviedesplantes/app/public/wp-content/plugins/woocommerce/includes/customizer/class-wc-shop-customizer.php on line 950
[24-Jul-2024 15:38:31 UTC] PHP Warning:  Attempt to read property "post_content" on null in /Users/marinemignot/Local Sites/laviedesplantes/app/public/wp-content/plugins/woocommerce/includes/customizer/class-wc-shop-customizer.php on line 950
[24-Jul-2024 16:08:48 UTC] PHP Warning:  Attempt to read property "post_content" on null in /Users/marinemignot/Local Sites/laviedesplantes/app/public/wp-content/plugins/woocommerce/includes/customizer/class-wc-shop-customizer.php on line 950
[24-Jul-2024 16:08:48 UTC] PHP Warning:  Attempt to read property "post_content" on null in /Users/marinemignot/Local Sites/laviedesplantes/app/public/wp-content/plugins/woocommerce/includes/customizer/class-wc-shop-customizer.php on line 950
[24-Jul-2024 16:10:24 UTC] PHP Warning:  Attempt to read property "post_content" on null in /Users/marinemignot/Local Sites/laviedesplantes/app/public/wp-content/plugins/woocommerce/includes/customizer/class-wc-shop-customizer.php on line 950
[24-Jul-2024 16:10:24 UTC] PHP Warning:  Attempt to read property "post_content" on null in /Users/marinemignot/Local Sites/laviedesplantes/app/public/wp-content/plugins/woocommerce/includes/customizer/class-wc-shop-customizer.php on line 950
[24-Jul-2024 17:08:30 UTC] PHP Warning:  Attempt to read property "post_content" on null in /Users/marinemignot/Local Sites/laviedesplantes/app/public/wp-content/plugins/woocommerce/includes/customizer/class-wc-shop-customizer.php on line 950
[24-Jul-2024 17:08:30 UTC] PHP Warning:  Attempt to read property "post_content" on null in /Users/marinemignot/Local Sites/laviedesplantes/app/public/wp-content/plugins/woocommerce/includes/customizer/class-wc-shop-customizer.php on line 950
[25-Jul-2024 12:34:48 UTC] PHP Warning:  Attempt to read property "post_content" on null in /Users/marinemignot/Local Sites/laviedesplantes/app/public/wp-content/plugins/woocommerce/includes/customizer/class-wc-shop-customizer.php on line 950
[25-Jul-2024 12:34:48 UTC] PHP Warning:  Attempt to read property "post_content" on null in /Users/marinemignot/Local Sites/laviedesplantes/app/public/wp-content/plugins/woocommerce/includes/customizer/class-wc-shop-customizer.php on line 950
